00:31:05.419 [main] DEBUG org.ordo.project.dao.jaxbimpl.EntityDAOJaxbImpl - using dataFile:C:\Users\joshm\Desktop\Work\Object Orientated Year 2\Project\Ordo\dao-jaxb\target\testDaofile.xml
00:31:05.422 [main] DEBUG org.ordo.project.dao.jaxbimpl.EntityDAOJaxbImpl - dataFile does not exist creating new C:\Users\joshm\Desktop\Work\Object Orientated Year 2\Project\Ordo\dao-jaxb\target\testDaofile.xml
00:31:05.431 [main] DEBUG org.ordo.project.dao.jaxbimpl.EntityDAOJaxbImpl - saving xml to file:<?xml version="1.0" encoding="UTF-8" standalone="yes"?>
<entityList>
    <entities/>
</entityList>

00:31:05.432 [main] DEBUG org.ordo.project.dao.jaxbimpl.test.EntityDAOJaxbImplTest - adding schedule:Entity{id=null, timeStart=timeStart_0, timeEnd=timeEnd_0, price=price_0}
00:31:05.442 [main] DEBUG org.ordo.project.dao.jaxbimpl.EntityDAOJaxbImpl - saving xml to file:<?xml version="1.0" encoding="UTF-8" standalone="yes"?>
<entityList>
    <lastEntityId>1</lastEntityId>
    <entities>
        <entity>
            <id>1</id>
            <timeStart>timeStart_0</timeStart>
            <timeEnd>timeEnd_0</timeEnd>
            <price>price_0</price>
        </entity>
    </entities>
</entityList>

00:31:05.442 [main] DEBUG org.ordo.project.dao.jaxbimpl.test.EntityDAOJaxbImplTest - adding schedule:Entity{id=null, timeStart=timeStart_1, timeEnd=timeEnd_1, price=price_1}
00:31:05.448 [main] DEBUG org.ordo.project.dao.jaxbimpl.EntityDAOJaxbImpl - saving xml to file:<?xml version="1.0" encoding="UTF-8" standalone="yes"?>
<entityList>
    <lastEntityId>2</lastEntityId>
    <entities>
        <entity>
            <id>1</id>
            <timeStart>timeStart_0</timeStart>
            <timeEnd>timeEnd_0</timeEnd>
            <price>price_0</price>
        </entity>
        <entity>
            <id>2</id>
            <timeStart>timeStart_1</timeStart>
            <timeEnd>timeEnd_1</timeEnd>
            <price>price_1</price>
        </entity>
    </entities>
</entityList>

00:31:05.449 [main] DEBUG org.ordo.project.dao.jaxbimpl.test.EntityDAOJaxbImplTest - adding schedule:Entity{id=null, timeStart=timeStart_2, timeEnd=timeEnd_2, price=price_2}
00:31:05.454 [main] DEBUG org.ordo.project.dao.jaxbimpl.EntityDAOJaxbImpl - saving xml to file:<?xml version="1.0" encoding="UTF-8" standalone="yes"?>
<entityList>
    <lastEntityId>3</lastEntityId>
    <entities>
        <entity>
            <id>1</id>
            <timeStart>timeStart_0</timeStart>
            <timeEnd>timeEnd_0</timeEnd>
            <price>price_0</price>
        </entity>
        <entity>
            <id>2</id>
            <timeStart>timeStart_1</timeStart>
            <timeEnd>timeEnd_1</timeEnd>
            <price>price_1</price>
        </entity>
        <entity>
            <id>3</id>
            <timeStart>timeStart_2</timeStart>
            <timeEnd>timeEnd_2</timeEnd>
            <price>price_2</price>
        </entity>
    </entities>
</entityList>

00:31:05.455 [main] DEBUG org.ordo.project.dao.jaxbimpl.test.EntityDAOJaxbImplTest - adding schedule:Entity{id=null, timeStart=timeStart_3, timeEnd=timeEnd_3, price=price_3}
00:31:05.460 [main] DEBUG org.ordo.project.dao.jaxbimpl.EntityDAOJaxbImpl - saving xml to file:<?xml version="1.0" encoding="UTF-8" standalone="yes"?>
<entityList>
    <lastEntityId>4</lastEntityId>
    <entities>
        <entity>
            <id>1</id>
            <timeStart>timeStart_0</timeStart>
            <timeEnd>timeEnd_0</timeEnd>
            <price>price_0</price>
        </entity>
        <entity>
            <id>2</id>
            <timeStart>timeStart_1</timeStart>
            <timeEnd>timeEnd_1</timeEnd>
            <price>price_1</price>
        </entity>
        <entity>
            <id>3</id>
            <timeStart>timeStart_2</timeStart>
            <timeEnd>timeEnd_2</timeEnd>
            <price>price_2</price>
        </entity>
        <entity>
            <id>4</id>
            <timeStart>timeStart_3</timeStart>
            <timeEnd>timeEnd_3</timeEnd>
            <price>price_3</price>
        </entity>
    </entities>
</entityList>

00:31:05.470 [main] DEBUG org.ordo.project.dao.jaxbimpl.test.EntityDAOJaxbImplTest - deleting  schedule:2
00:31:05.474 [main] DEBUG org.ordo.project.dao.jaxbimpl.EntityDAOJaxbImpl - saving xml to file:<?xml version="1.0" encoding="UTF-8" standalone="yes"?>
<entityList>
    <lastEntityId>4</lastEntityId>
    <entities>
        <entity>
            <id>1</id>
            <timeStart>timeStart_0</timeStart>
            <timeEnd>timeEnd_0</timeEnd>
            <price>price_0</price>
        </entity>
        <entity>
            <id>3</id>
            <timeStart>timeStart_2</timeStart>
            <timeEnd>timeEnd_2</timeEnd>
            <price>price_2</price>
        </entity>
        <entity>
            <id>4</id>
            <timeStart>timeStart_3</timeStart>
            <timeEnd>timeEnd_3</timeEnd>
            <price>price_3</price>
        </entity>
    </entities>
</entityList>

00:31:05.477 [main] DEBUG org.ordo.project.dao.jaxbimpl.test.EntityDAOJaxbImplTest - updating schedule: Entity{id=3, timeStart=timeStart_2, timeEnd=timeEnd_2, price=price_2}
00:31:05.477 [main] DEBUG org.ordo.project.dao.jaxbimpl.test.EntityDAOJaxbImplTest - update template: Entity{id=3, timeStart=timeStart_Update, timeEnd=timeEnd_Update, price=null}
00:31:05.483 [main] DEBUG org.ordo.project.dao.jaxbimpl.EntityDAOJaxbImpl - saving xml to file:<?xml version="1.0" encoding="UTF-8" standalone="yes"?>
<entityList>
    <lastEntityId>4</lastEntityId>
    <entities>
        <entity>
            <id>1</id>
            <timeStart>timeStart_0</timeStart>
            <timeEnd>timeEnd_0</timeEnd>
            <price>price_0</price>
        </entity>
        <entity>
            <id>3</id>
            <timeStart>timeStart_Update</timeStart>
            <timeEnd>timeEnd_Update</timeEnd>
            <price>price_2</price>
        </entity>
        <entity>
            <id>4</id>
            <timeStart>timeStart_3</timeStart>
            <timeEnd>timeEnd_3</timeEnd>
            <price>price_3</price>
        </entity>
    </entities>
</entityList>

00:31:05.485 [main] DEBUG org.ordo.project.dao.jaxbimpl.test.EntityDAOJaxbImplTest - updated schedule: Entity{id=3, timeStart=timeStart_Update, timeEnd=timeEnd_Update, price=price_2}
00:31:05.486 [main] DEBUG org.ordo.project.dao.jaxbimpl.test.EntityDAOJaxbImplTest - retreived schedule: Entity{id=3, timeStart=timeStart_Update, timeEnd=timeEnd_Update, price=price_2}
00:31:05.489 [main] DEBUG org.ordo.project.dao.jaxbimpl.test.EntityDAOJaxbImplTest - searching for: Entity{id=4, timeStart=timeStart_3, timeEnd=timeEnd_3, price=price_3}
00:31:05.489 [main] DEBUG org.ordo.project.dao.jaxbimpl.test.EntityDAOJaxbImplTest - using template : Entity{id=null, timeStart=null, timeEnd=timeEnd_3, price=null}
00:31:05.490 [main] DEBUG org.ordo.project.dao.jaxbimpl.test.EntityDAOJaxbImplTest - found : Entity{id=4, timeStart=timeStart_3, timeEnd=timeEnd_3, price=price_3}
